<?xml version="1.0" encoding="UTF-8"?>
<testsuite xmlns:xsi="http://www.w3.org/2001/XMLSchema-instance" xsi:noNamespaceSchemaLocation="https://maven.apache.org/surefire/maven-surefire-plugin/xsd/surefire-test-report-3.0.xsd" version="3.0" name="com.github.nazarageenko.GramToGram.GramToGramApplicationTests" time="3.751" tests="1" errors="0" skipped="0" failures="0">
  <properties>
[...]
</properties>
  <testcase name="contextLoads" classname="com.github.nazarageenko.GramToGram.GramToGramApplicationTests" time="1.218">
    <system-out><![CDATA[07:06:05.231 [main] INFO org.springframework.test.context.support.AnnotationConfigContextLoaderUtils -- Could not detect default configuration classes for test class [com.github.nazarageenko.GramToGram.GramToGramApplicationTests]: GramToGramApplicationTests does not declare any static, non-private, non-final, nested classes annotated with @Configuration.
07:06:05.427 [main] INFO org.springframework.boot.test.context.SpringBootTestContextBootstrapper -- Found @SpringBootConfiguration com.github.nazarageenko.GramToGram.GramToGramApplication for test class com.github.nazarageenko.GramToGram.GramToGramApplicationTests

  .   ____          _            __ _ _
 /\\ / ___'_ __ _ _(_)_ __  __ _ \ \ \ \
( ( )\___ | '_ | '_| | '_ \/ _` | \ \ \ \
 \\/  ___)| |_)| | | | | || (_| |  ) ) ) )
  '  |____| .__|_| |_|_| |_\__, | / / / /
 =========|_|==============|___/=/_/_/_/
 :: Spring Boot ::                (v3.2.9)

2024-08-24T07:06:06.500+03:00  INFO 3580 --- [GramToGram] [           main] c.g.n.G.GramToGramApplicationTests       : Starting GramToGramApplicationTests using Java 22.0.2 with PID 3580 (started by plakiplaki in C:\Users\plakiplaki\IdeaProjects\GramToGram)
2024-08-24T07:06:06.504+03:00  INFO 3580 --- [GramToGram] [           main] c.g.n.G.GramToGramApplicationTests       : No active profile set, falling back to 1 default profile: "default"
2024-08-24T07:06:07.459+03:00  INFO 3580 --- [GramToGram] [           main] c.g.n.G.GramToGramApplicationTests       : Started GramToGramApplicationTests in 1.799 seconds (process running for 3.368)
]]></system-out>
    <system-err><![CDATA[WARNING: A Java agent has been loaded dynamically (C:\Users\plakiplaki\.m2\repository\net\bytebuddy\byte-buddy-agent\1.14.19\byte-buddy-agent-1.14.19.jar)
WARNING: If a serviceability tool is in use, please run with -XX:+EnableDynamicAgentLoading to hide this warning
WARNING: If a serviceability tool is not in use, please run with -Djdk.instrument.traceUsage for more information
WARNING: Dynamic loading of agents will be disallowed by default in a future release
]]></system-err>
  </testcase>
</testsuite>